<?xml version="1.0" encoding="UTF-8"?>
<testsuite xmlns:xsi="http://www.w3.org/2001/XMLSchema-instance" xsi:noNamespaceSchemaLocation="https://maven.apache.org/surefire/maven-surefire-plugin/xsd/surefire-test-report-3.0.xsd" version="3.0" name="codeAnalysis.EvaluationTest" time="0.065" tests="38" errors="0" skipped="0" failures="0">
  <properties>
[...]
</properties>
  <testcase name="evaluator_unary2_Reports_undefined" classname="codeAnalysis.EvaluationTest" time="0.007"/>
  <testcase name="evaluator_NameExpression_Reports_Undefined" classname="codeAnalysis.EvaluationTest" time="0.003"/>
  <testcase name="evaluator_unary_Reports_undefined" classname="codeAnalysis.EvaluationTest" time="0.0"/>
  <testcase name="evaluator_VariableDeclaration_Reports_Redeclaration" classname="codeAnalysis.EvaluationTest" time="0.001"/>
  <testcase name="evaluator_binary_Reports_undefined" classname="codeAnalysis.EvaluationTest" time="0.003"/>
  <testcase name="evaluator_computes_correctValues(String, Object)[1]" classname="codeAnalysis.EvaluationTest" time="0.003">
    <system-out><![CDATA[Result: 1
]]></system-out>
  </testcase>
  <testcase name="evaluator_computes_correctValues(String, Object)[2]" classname="codeAnalysis.EvaluationTest" time="0.001">
    <system-out><![CDATA[Result: 1
]]></system-out>
  </testcase>
  <testcase name="evaluator_computes_correctValues(String, Object)[3]" classname="codeAnalysis.EvaluationTest" time="0.001">
    <system-out><![CDATA[Result: -1
]]></system-out>
  </testcase>
  <testcase name="evaluator_computes_correctValues(String, Object)[4]" classname="codeAnalysis.EvaluationTest" time="0.0">
    <system-out><![CDATA[
Result: 26
]]></system-out>
  </testcase>
  <testcase name="evaluator_computes_correctValues(String, Object)[5]" classname="codeAnalysis.EvaluationTest" time="0.001">
    <system-out><![CDATA[
Result: 9
]]></system-out>
  </testcase>
  <testcase name="evaluator_computes_correctValues(String, Object)[6]" classname="codeAnalysis.EvaluationTest" time="0.001">
    <system-out><![CDATA[
Result: 8
]]></system-out>
  </testcase>
  <testcase name="evaluator_computes_correctValues(String, Object)[7]" classname="codeAnalysis.EvaluationTest" time="0.001">
    <system-out><![CDATA[
Result: 3
]]></system-out>
  </testcase>
  <testcase name="evaluator_computes_correctValues(String, Object)[8]" classname="codeAnalysis.EvaluationTest" time="0.001">
    <system-out><![CDATA[Result: 10
]]></system-out>
  </testcase>
  <testcase name="evaluator_computes_correctValues(String, Object)[9]" classname="codeAnalysis.EvaluationTest" time="0.002">
    <system-out><![CDATA[
Result: false
]]></system-out>
  </testcase>
  <testcase name="evaluator_computes_correctValues(String, Object)[10]" classname="codeAnalysis.EvaluationTest" time="0.0">
    <system-out><![CDATA[
Result: true
]]></system-out>
  </testcase>
  <testcase name="evaluator_computes_correctValues(String, Object)[11]" classname="codeAnalysis.EvaluationTest" time="0.001">
    <system-out><![CDATA[
Result: true
]]></system-out>
  </testcase>
  <testcase name="evaluator_computes_correctValues(String, Object)[12]" classname="codeAnalysis.EvaluationTest" time="0.0">
    <system-out><![CDATA[
Result: false
]]></system-out>
  </testcase>
  <testcase name="evaluator_computes_correctValues(String, Object)[13]" classname="codeAnalysis.EvaluationTest" time="0.001">
    <system-out><![CDATA[
Result: true
]]></system-out>
  </testcase>
  <testcase name="evaluator_computes_correctValues(String, Object)[14]" classname="codeAnalysis.EvaluationTest" time="0.001">
    <system-out><![CDATA[
Result: false
]]></system-out>
  </testcase>
  <testcase name="evaluator_computes_correctValues(String, Object)[15]" classname="codeAnalysis.EvaluationTest" time="0.001">
    <system-out><![CDATA[
Result: false
]]></system-out>
  </testcase>
  <testcase name="evaluator_computes_correctValues(String, Object)[16]" classname="codeAnalysis.EvaluationTest" time="0.0">
    <system-out><![CDATA[
Result: true
]]></system-out>
  </testcase>
  <testcase name="evaluator_computes_correctValues(String, Object)[17]" classname="codeAnalysis.EvaluationTest" time="0.001">
    <system-out><![CDATA[Result: true
]]></system-out>
  </testcase>
  <testcase name="evaluator_computes_correctValues(String, Object)[18]" classname="codeAnalysis.EvaluationTest" time="0.001">
    <system-out><![CDATA[Result: false
]]></system-out>
  </testcase>
  <testcase name="evaluator_computes_correctValues(String, Object)[19]" classname="codeAnalysis.EvaluationTest" time="0.0">
    <system-out><![CDATA[Result: false
]]></system-out>
  </testcase>
  <testcase name="evaluator_computes_correctValues(String, Object)[20]" classname="codeAnalysis.EvaluationTest" time="0.0">
    <system-out><![CDATA[Result: true
]]></system-out>
  </testcase>
  <testcase name="evaluator_computes_correctValues(String, Object)[21]" classname="codeAnalysis.EvaluationTest" time="0.003">
    <system-out><![CDATA[Variable: a, isReadOnly: false

Result: 100
]]></system-out>
  </testcase>
  <testcase name="evaluator_computes_correctValues(String, Object)[22]" classname="codeAnalysis.EvaluationTest" time="0.001">
    <system-out><![CDATA[
Result: true
]]></system-out>
  </testcase>
  <testcase name="evaluator_computes_correctValues(String, Object)[23]" classname="codeAnalysis.EvaluationTest" time="0.001">
    <system-out><![CDATA[
Result: false
]]></system-out>
  </testcase>
  <testcase name="evaluator_computes_correctValues(String, Object)[24]" classname="codeAnalysis.EvaluationTest" time="0.0">
    <system-out><![CDATA[
Result: true
]]></system-out>
  </testcase>
  <testcase name="evaluator_computes_correctValues(String, Object)[25]" classname="codeAnalysis.EvaluationTest" time="0.0">
    <system-out><![CDATA[
Result: true
]]></system-out>
  </testcase>
  <testcase name="evaluator_computes_correctValues(String, Object)[26]" classname="codeAnalysis.EvaluationTest" time="0.001">
    <system-out><![CDATA[
Result: false
]]></system-out>
  </testcase>
  <testcase name="evaluator_computes_correctValues(String, Object)[27]" classname="codeAnalysis.EvaluationTest" time="0.001">
    <system-out><![CDATA[
Result: true
]]></system-out>
  </testcase>
  <testcase name="evaluator_computes_correctValues(String, Object)[28]" classname="codeAnalysis.EvaluationTest" time="0.0">
    <system-out><![CDATA[
Result: false
]]></system-out>
  </testcase>
  <testcase name="evaluator_computes_correctValues(String, Object)[29]" classname="codeAnalysis.EvaluationTest" time="0.0">
    <system-out><![CDATA[
Result: true
]]></system-out>
  </testcase>
  <testcase name="evaluator_computes_correctValues(String, Object)[30]" classname="codeAnalysis.EvaluationTest" time="0.0">
    <system-out><![CDATA[
Result: true
]]></system-out>
  </testcase>
  <testcase name="evaluator_computes_correctValues(String, Object)[31]" classname="codeAnalysis.EvaluationTest" time="0.001">
    <system-out><![CDATA[
Result: false
]]></system-out>
  </testcase>
  <testcase name="evaluator_binary_withOR_Reports_undefined" classname="codeAnalysis.EvaluationTest" time="0.001"/>
  <testcase name="evaluator_AssignmentExpression_Reports_CannotAssign" classname="codeAnalysis.EvaluationTest" time="0.0"/>
</testsuite>