<?xml version="1.0" encoding="UTF-8"?>
<testsuite xmlns:xsi="http://www.w3.org/2001/XMLSchema-instance" xsi:noNamespaceSchemaLocation="https://maven.apache.org/surefire/maven-surefire-plugin/xsd/surefire-test-report-3.0.xsd" version="3.0" name="codeAnalysis.IntegratedTest" time="0.034" tests="16" errors="0" skipped="0" failures="7">
  <properties>
[...]
</properties>
  <testcase name="testParenthesesPrecedence" classname="codeAnalysis.IntegratedTest" time="0.011">
    <failure message="Expected output not found: Result: 15&#10;Actual output:&#10;&#10;&#10;&#10;&amp;#27;[32mResult: 21&amp;#27;[0m&#10;Current Variables: {}&#10; ==&gt; expected: &lt;true&gt; but was: &lt;false&gt;" type="org.opentest4j.AssertionFailedError"><![CDATA[org.opentest4j.AssertionFailedError: 
Expected output not found: Result: 15
Actual output:



&amp#27;[32mResult: 21&amp#27;[0m
Current Variables: {}
 ==> expected: <true> but was: <false>
	at org.junit.jupiter.api.AssertionFailureBuilder.build(AssertionFailureBuilder.java:151)
	at org.junit.jupiter.api.AssertionFailureBuilder.buildAndThrow(AssertionFailureBuilder.java:132)
	at org.junit.jupiter.api.AssertTrue.failNotTrue(AssertTrue.java:63)
	at org.junit.jupiter.api.AssertTrue.assertTrue(AssertTrue.java:36)
	at org.junit.jupiter.api.Assertions.assertTrue(Assertions.java:211)
	at codeAnalysis.IntegratedTest.assertOutput(IntegratedTest.java:155)
	at codeAnalysis.IntegratedTest.testParenthesesPrecedence(IntegratedTest.java:89)
	at java.base/java.lang.reflect.Method.invoke(Method.java:580)
	at java.base/java.util.ArrayList.forEach(ArrayList.java:1596)
	at java.base/java.util.ArrayList.forEach(ArrayList.java:1596)
]]></failure>
  </testcase>
  <testcase name="testInvalidOperator" classname="codeAnalysis.IntegratedTest" time="0.002">
    <failure message="Expected output not found: The binary operator %% is not defined for types Integer and Integer.&#10;Actual output:&#10;&amp;#27;[31mBad character input: %.&amp;#27;[0m&#10;&amp;#27;[31mBad character input: %.&amp;#27;[0m&#10;&amp;#27;[31mUnexpected token &lt;BangToken&gt;. Expected &lt;EndOfFileToken&gt;.&amp;#27;[0m&#10; ==&gt; expected: &lt;true&gt; but was: &lt;false&gt;" type="org.opentest4j.AssertionFailedError"><![CDATA[org.opentest4j.AssertionFailedError: 
Expected output not found: The binary operator %% is not defined for types Integer and Integer.
Actual output:
&amp#27;[31mBad character input: %.&amp#27;[0m
&amp#27;[31mBad character input: %.&amp#27;[0m
&amp#27;[31mUnexpected token <BangToken>. Expected <EndOfFileToken>.&amp#27;[0m
 ==> expected: <true> but was: <false>
	at org.junit.jupiter.api.AssertionFailureBuilder.build(AssertionFailureBuilder.java:151)
	at org.junit.jupiter.api.AssertionFailureBuilder.buildAndThrow(AssertionFailureBuilder.java:132)
	at org.junit.jupiter.api.AssertTrue.failNotTrue(AssertTrue.java:63)
	at org.junit.jupiter.api.AssertTrue.assertTrue(AssertTrue.java:36)
	at org.junit.jupiter.api.Assertions.assertTrue(Assertions.java:211)
	at codeAnalysis.IntegratedTest.assertOutput(IntegratedTest.java:155)
	at codeAnalysis.IntegratedTest.testInvalidOperator(IntegratedTest.java:138)
	at java.base/java.lang.reflect.Method.invoke(Method.java:580)
	at java.base/java.util.ArrayList.forEach(ArrayList.java:1596)
	at java.base/java.util.ArrayList.forEach(ArrayList.java:1596)
]]></failure>
  </testcase>
  <testcase name="testReadOnlyVariable" classname="codeAnalysis.IntegratedTest" time="0.001">
    <failure message="Expected output not found: Variable x is read-only and cannot be assigned.&#10;Actual output:&#10;&amp;#27;[31mUnexpected token &lt;IdentifierToken&gt;. Expected &lt;EndOfFileToken&gt;.&amp;#27;[0m&#10; ==&gt; expected: &lt;true&gt; but was: &lt;false&gt;" type="org.opentest4j.AssertionFailedError"><![CDATA[org.opentest4j.AssertionFailedError: 
Expected output not found: Variable x is read-only and cannot be assigned.
Actual output:
&amp#27;[31mUnexpected token <IdentifierToken>. Expected <EndOfFileToken>.&amp#27;[0m
 ==> expected: <true> but was: <false>
	at org.junit.jupiter.api.AssertionFailureBuilder.build(AssertionFailureBuilder.java:151)
	at org.junit.jupiter.api.AssertionFailureBuilder.buildAndThrow(AssertionFailureBuilder.java:132)
	at org.junit.jupiter.api.AssertTrue.failNotTrue(AssertTrue.java:63)
	at org.junit.jupiter.api.AssertTrue.assertTrue(AssertTrue.java:36)
	at org.junit.jupiter.api.Assertions.assertTrue(Assertions.java:211)
	at codeAnalysis.IntegratedTest.assertOutput(IntegratedTest.java:155)
	at codeAnalysis.IntegratedTest.testReadOnlyVariable(IntegratedTest.java:108)
	at java.base/java.lang.reflect.Method.invoke(Method.java:580)
	at java.base/java.util.ArrayList.forEach(ArrayList.java:1596)
	at java.base/java.util.ArrayList.forEach(ArrayList.java:1596)
]]></failure>
  </testcase>
  <testcase name="testUndefinedVariable" classname="codeAnalysis.IntegratedTest" time="0.001"/>
  <testcase name="testVariableUsage" classname="codeAnalysis.IntegratedTest" time="0.001"/>
  <testcase name="testLogicalOperators" classname="codeAnalysis.IntegratedTest" time="0.0"/>
  <testcase name="testWhitespaceHandling" classname="codeAnalysis.IntegratedTest" time="0.001">
    <failure message="Expected output not found: Result: 15&#10;Actual output:&#10;&amp;#27;[31mUnexpected token &lt;IdentifierToken&gt;. Expected &lt;EndOfFileToken&gt;.&amp;#27;[0m&#10; ==&gt; expected: &lt;true&gt; but was: &lt;false&gt;" type="org.opentest4j.AssertionFailedError"><![CDATA[org.opentest4j.AssertionFailedError: 
Expected output not found: Result: 15
Actual output:
&amp#27;[31mUnexpected token <IdentifierToken>. Expected <EndOfFileToken>.&amp#27;[0m
 ==> expected: <true> but was: <false>
	at org.junit.jupiter.api.AssertionFailureBuilder.build(AssertionFailureBuilder.java:151)
	at org.junit.jupiter.api.AssertionFailureBuilder.buildAndThrow(AssertionFailureBuilder.java:132)
	at org.junit.jupiter.api.AssertTrue.failNotTrue(AssertTrue.java:63)
	at org.junit.jupiter.api.AssertTrue.assertTrue(AssertTrue.java:36)
	at org.junit.jupiter.api.Assertions.assertTrue(Assertions.java:211)
	at codeAnalysis.IntegratedTest.assertOutput(IntegratedTest.java:155)
	at codeAnalysis.IntegratedTest.testWhitespaceHandling(IntegratedTest.java:126)
	at java.base/java.lang.reflect.Method.invoke(Method.java:580)
	at java.base/java.util.ArrayList.forEach(ArrayList.java:1596)
	at java.base/java.util.ArrayList.forEach(ArrayList.java:1596)
]]></failure>
  </testcase>
  <testcase name="testArithmeticExpression" classname="codeAnalysis.IntegratedTest" time="0.001"/>
  <testcase name="testBlockScope" classname="codeAnalysis.IntegratedTest" time="0.001">
    <failure message="Expected output not found: Current Variables: {x=5}&#10;Actual output:&#10;&#10;&amp;#27;[32mResult: 15&amp;#27;[0m&#10;Current Variables: {x=5, y=10}&#10; ==&gt; expected: &lt;true&gt; but was: &lt;false&gt;" type="org.opentest4j.AssertionFailedError"><![CDATA[org.opentest4j.AssertionFailedError: 
Expected output not found: Current Variables: {x=5}
Actual output:

&amp#27;[32mResult: 15&amp#27;[0m
Current Variables: {x=5, y=10}
 ==> expected: <true> but was: <false>
	at org.junit.jupiter.api.AssertionFailureBuilder.build(AssertionFailureBuilder.java:151)
	at org.junit.jupiter.api.AssertionFailureBuilder.buildAndThrow(AssertionFailureBuilder.java:132)
	at org.junit.jupiter.api.AssertTrue.failNotTrue(AssertTrue.java:63)
	at org.junit.jupiter.api.AssertTrue.assertTrue(AssertTrue.java:36)
	at org.junit.jupiter.api.Assertions.assertTrue(Assertions.java:211)
	at codeAnalysis.IntegratedTest.assertOutput(IntegratedTest.java:155)
	at codeAnalysis.IntegratedTest.testBlockScope(IntegratedTest.java:99)
	at java.base/java.lang.reflect.Method.invoke(Method.java:580)
	at java.base/java.util.ArrayList.forEach(ArrayList.java:1596)
	at java.base/java.util.ArrayList.forEach(ArrayList.java:1596)
]]></failure>
  </testcase>
  <testcase name="testInvalidNumber" classname="codeAnalysis.IntegratedTest" time="0.001"/>
  <testcase name="testSimpleAssignment" classname="codeAnalysis.IntegratedTest" time="0.001"/>
  <testcase name="testInvalidSyntax" classname="codeAnalysis.IntegratedTest" time="0.0"/>
  <testcase name="testVariableUsageWithScope" classname="codeAnalysis.IntegratedTest" time="0.002"/>
  <testcase name="testMultipleAssignments" classname="codeAnalysis.IntegratedTest" time="0.001">
    <failure message="Expected output not found: Result: 15&#10;Actual output:&#10;&amp;#27;[31mUnexpected token &lt;VarKeyword&gt;. Expected &lt;EndOfFileToken&gt;.&amp;#27;[0m&#10; ==&gt; expected: &lt;true&gt; but was: &lt;false&gt;" type="org.opentest4j.AssertionFailedError"><![CDATA[org.opentest4j.AssertionFailedError: 
Expected output not found: Result: 15
Actual output:
&amp#27;[31mUnexpected token <VarKeyword>. Expected <EndOfFileToken>.&amp#27;[0m
 ==> expected: <true> but was: <false>
	at org.junit.jupiter.api.AssertionFailureBuilder.build(AssertionFailureBuilder.java:151)
	at org.junit.jupiter.api.AssertionFailureBuilder.buildAndThrow(AssertionFailureBuilder.java:132)
	at org.junit.jupiter.api.AssertTrue.failNotTrue(AssertTrue.java:63)
	at org.junit.jupiter.api.AssertTrue.assertTrue(AssertTrue.java:36)
	at org.junit.jupiter.api.Assertions.assertTrue(Assertions.java:211)
	at codeAnalysis.IntegratedTest.assertOutput(IntegratedTest.java:155)
	at codeAnalysis.IntegratedTest.testMultipleAssignments(IntegratedTest.java:67)
	at java.base/java.lang.reflect.Method.invoke(Method.java:580)
	at java.base/java.util.ArrayList.forEach(ArrayList.java:1596)
	at java.base/java.util.ArrayList.forEach(ArrayList.java:1596)
]]></failure>
  </testcase>
  <testcase name="testChainedAssignment" classname="codeAnalysis.IntegratedTest" time="0.0">
    <failure message="Expected output not found: Result: 15&#10;Actual output:&#10;&amp;#27;[31mUnexpected token &lt;VarKeyword&gt;. Expected &lt;EndOfFileToken&gt;.&amp;#27;[0m&#10; ==&gt; expected: &lt;true&gt; but was: &lt;false&gt;" type="org.opentest4j.AssertionFailedError"><![CDATA[org.opentest4j.AssertionFailedError: 
Expected output not found: Result: 15
Actual output:
&amp#27;[31mUnexpected token <VarKeyword>. Expected <EndOfFileToken>.&amp#27;[0m
 ==> expected: <true> but was: <false>
	at org.junit.jupiter.api.AssertionFailureBuilder.build(AssertionFailureBuilder.java:151)
	at org.junit.jupiter.api.AssertionFailureBuilder.buildAndThrow(AssertionFailureBuilder.java:132)
	at org.junit.jupiter.api.AssertTrue.failNotTrue(AssertTrue.java:63)
	at org.junit.jupiter.api.AssertTrue.assertTrue(AssertTrue.java:36)
	at org.junit.jupiter.api.Assertions.assertTrue(Assertions.java:211)
	at codeAnalysis.IntegratedTest.assertOutput(IntegratedTest.java:155)
	at codeAnalysis.IntegratedTest.testChainedAssignment(IntegratedTest.java:77)
	at java.base/java.lang.reflect.Method.invoke(Method.java:580)
	at java.base/java.util.ArrayList.forEach(ArrayList.java:1596)
	at java.base/java.util.ArrayList.forEach(ArrayList.java:1596)
]]></failure>
  </testcase>
  <testcase name="testBooleanExpression" classname="codeAnalysis.IntegratedTest" time="0.0"/>
</testsuite>