<?xml version="1.0" encoding="UTF-8"?>
<testsuite xmlns:xsi="http://www.w3.org/2001/XMLSchema-instance" xsi:noNamespaceSchemaLocation="https://maven.apache.org/surefire/maven-surefire-plugin/xsd/surefire-test-report-3.0.xsd" version="3.0" name="codeAnalysis.syntax.LexerTest" time="0.043" tests="6" errors="0" skipped="0" failures="1">
  <properties>
[...]
</properties>
  <testcase name="testOperators" classname="codeAnalysis.syntax.LexerTest" time="0.02"/>
  <testcase name="testSingleTokens" classname="codeAnalysis.syntax.LexerTest" time="0.0"/>
  <testcase name="testWhitespaceHandling" classname="codeAnalysis.syntax.LexerTest" time="0.001"/>
  <testcase name="testIdentifiers" classname="codeAnalysis.syntax.LexerTest" time="0.0"/>
  <testcase name="testInvalidCharacters" classname="codeAnalysis.syntax.LexerTest" time="0.006">
    <failure message="Token kind mismatch for input: @ ==&gt; expected: &lt;BadToken&gt; but was: &lt;BangToken&gt;" type="org.opentest4j.AssertionFailedError"><![CDATA[org.opentest4j.AssertionFailedError: Token kind mismatch for input: @ ==> expected: <BadToken> but was: <BangToken>
	at org.junit.jupiter.api.AssertionFailureBuilder.build(AssertionFailureBuilder.java:151)
	at org.junit.jupiter.api.AssertionFailureBuilder.buildAndThrow(AssertionFailureBuilder.java:132)
	at org.junit.jupiter.api.AssertEquals.failNotEqual(AssertEquals.java:197)
	at org.junit.jupiter.api.AssertEquals.assertEquals(AssertEquals.java:182)
	at org.junit.jupiter.api.Assertions.assertEquals(Assertions.java:1153)
	at codeAnalysis.syntax.LexerTest.assertTokens(LexerTest.java:82)
	at codeAnalysis.syntax.LexerTest.testInvalidCharacters(LexerTest.java:62)
	at java.base/java.lang.reflect.Method.invoke(Method.java:580)
	at java.base/java.util.ArrayList.forEach(ArrayList.java:1596)
	at java.base/java.util.ArrayList.forEach(ArrayList.java:1596)
]]></failure>
  </testcase>
  <testcase name="testNumberParsing" classname="codeAnalysis.syntax.LexerTest" time="0.001"/>
</testsuite>