<?xml version="1.0" encoding="UTF-8"?>
<testsuite xmlns:xsi="http://www.w3.org/2001/XMLSchema-instance" xsi:noNamespaceSchemaLocation="https://maven.apache.org/surefire/maven-surefire-plugin/xsd/surefire-test-report-3.0.xsd" version="3.0" name="codeAnalysis.EvaluationTest" time="0.158" tests="41" errors="0" skipped="0" failures="1">
  <properties>
[...]
</properties>
  <testcase name="evaluator_NameExpression_Reports_Undefined" classname="codeAnalysis.EvaluationTest" time="0.034">
    <system-out><![CDATA[Final Text: x * 10
Span Start: 0, End: 1
]]></system-out>
    <system-err><![CDATA[Feb 04, 2025 11:33:53 AM org.junit.jupiter.engine.discovery.MethodSelectorResolver resolve
WARNING: Possible configuration error: method [public void codeAnalysis.EvaluationTest.evaluator_VariableDeclaration_Reports_Redeclaration() throws java.lang.Exception] resulted in multiple TestDescriptors [org.junit.jupiter.engine.descriptor.TestTemplateTestDescriptor, org.junit.jupiter.engine.descriptor.TestMethodTestDescriptor]. This is typically the result of annotating a method with multiple competing annotations such as @Test, @RepeatedTest, @ParameterizedTest, @TestFactory, etc.
Feb 04, 2025 11:33:53 AM org.junit.jupiter.engine.discovery.MethodSelectorResolver resolve
WARNING: Possible configuration error: method [public void codeAnalysis.EvaluationTest.evaluator_VariableDeclaration_Reports_Redeclaration() throws java.lang.Exception] resulted in multiple TestDescriptors [org.junit.jupiter.engine.descriptor.TestMethodTestDescriptor, org.junit.jupiter.engine.descriptor.TestTemplateTestDescriptor]. This is typically the result of annotating a method with multiple competing annotations such as @Test, @RepeatedTest, @ParameterizedTest, @TestFactory, etc.
]]></system-err>
  </testcase>
  <testcase name="evaluator_VariableDeclaration_Reports_Redeclaration" classname="codeAnalysis.EvaluationTest" time="0.002">
    <system-out><![CDATA[Final Text: {
    var x = 10
    var y = 100
    {
        var x = 10
    }
    var x = 5
}
Span Start: 72, End: 73
]]></system-out>
  </testcase>
  <testcase name="evaluator_VariableDeclaration_Reports_Redeclaration" classname="codeAnalysis.EvaluationTest" time="0.002">
    <system-out><![CDATA[Final Text: {
    var x = 10
    var y = 100
    {
        var x = 10
    }
    var x = 5
}
Span Start: 72, End: 73
]]></system-out>
  </testcase>
  <testcase name="evaluator_VariableDeclaration_Reports_Redeclaration" classname="codeAnalysis.EvaluationTest" time="0.001">
    <system-out><![CDATA[Final Text: {
    var x = 10
    var y = 100
    {
        var x = 10
    }
    var x = 5
}
Span Start: 72, End: 73
]]></system-out>
  </testcase>
  <testcase name="evaluator_VariableDeclaration_Reports_Redeclaration" classname="codeAnalysis.EvaluationTest" time="0.001">
    <system-out><![CDATA[Final Text: {
    var x = 10
    var y = 100
    {
        var x = 10
    }
    var x = 5
}
Span Start: 72, End: 73
]]></system-out>
  </testcase>
  <testcase name="evaluator_VariableDeclaration_Reports_Redeclaration" classname="codeAnalysis.EvaluationTest" time="0.001">
    <system-out><![CDATA[Final Text: {
    var x = 10
    var y = 100
    {
        var x = 10
    }
    var x = 5
}
Span Start: 72, End: 73
]]></system-out>
  </testcase>
  <testcase name="evaluator_VariableDeclaration_Reports_Redeclaration" classname="codeAnalysis.EvaluationTest" time="0.002">
    <system-out><![CDATA[Final Text: {
    var x = 10
    var y = 100
    {
        var x = 10
    }
    var x = 5
}
Span Start: 72, End: 73
]]></system-out>
  </testcase>
  <testcase name="evaluator_VariableDeclaration_Reports_Redeclaration" classname="codeAnalysis.EvaluationTest" time="0.002">
    <system-out><![CDATA[Final Text: {
    var x = 10
    var y = 100
    {
        var x = 10
    }
    var x = 5
}
Span Start: 72, End: 73
]]></system-out>
  </testcase>
  <testcase name="evaluator_VariableDeclaration_Reports_Redeclaration" classname="codeAnalysis.EvaluationTest" time="0.001">
    <system-out><![CDATA[Final Text: {
    var x = 10
    var y = 100
    {
        var x = 10
    }
    var x = 5
}
Span Start: 72, End: 73
]]></system-out>
  </testcase>
  <testcase name="evaluator_VariableDeclaration_Reports_Redeclaration" classname="codeAnalysis.EvaluationTest" time="0.002">
    <system-out><![CDATA[Final Text: {
    var x = 10
    var y = 100
    {
        var x = 10
    }
    var x = 5
}
Span Start: 72, End: 73
]]></system-out>
  </testcase>
  <testcase name="evaluator_VariableDeclaration_Reports_Redeclaration" classname="codeAnalysis.EvaluationTest" time="0.001">
    <system-out><![CDATA[Final Text: {
    var x = 10
    var y = 100
    {
        var x = 10
    }
    var x = 5
}
Span Start: 72, End: 73
]]></system-out>
  </testcase>
  <testcase name="evaluator_VariableDeclaration_Reports_Redeclaration" classname="codeAnalysis.EvaluationTest" time="0.001">
    <system-out><![CDATA[Final Text: {
    var x = 10
    var y = 100
    {
        var x = 10
    }
    var x = 5
}
Span Start: 72, End: 73
]]></system-out>
  </testcase>
  <testcase name="evaluator_VariableDeclaration_Reports_Redeclaration" classname="codeAnalysis.EvaluationTest" time="0.002">
    <system-out><![CDATA[Final Text: {
    var x = 10
    var y = 100
    {
        var x = 10
    }
    var x = 5
}
Span Start: 72, End: 73
]]></system-out>
  </testcase>
  <testcase name="evaluator_VariableDeclaration_Reports_Redeclaration" classname="codeAnalysis.EvaluationTest" time="0.001">
    <system-out><![CDATA[Final Text: {
    var x = 10
    var y = 100
    {
        var x = 10
    }
    var x = 5
}
Span Start: 72, End: 73
]]></system-out>
  </testcase>
  <testcase name="evaluator_VariableDeclaration_Reports_Redeclaration" classname="codeAnalysis.EvaluationTest" time="0.001">
    <system-out><![CDATA[Final Text: {
    var x = 10
    var y = 100
    {
        var x = 10
    }
    var x = 5
}
Span Start: 72, End: 73
]]></system-out>
  </testcase>
  <testcase name="evaluator_VariableDeclaration_Reports_Redeclaration" classname="codeAnalysis.EvaluationTest" time="0.002">
    <system-out><![CDATA[Final Text: {
    var x = 10
    var y = 100
    {
        var x = 10
    }
    var x = 5
}
Span Start: 72, End: 73
]]></system-out>
  </testcase>
  <testcase name="evaluator_VariableDeclaration_Reports_Redeclaration" classname="codeAnalysis.EvaluationTest" time="0.0">
    <system-out><![CDATA[Final Text: {
    var x = 10
    var y = 100
    {
        var x = 10
    }
    var x = 5
}
Span Start: 72, End: 73
]]></system-out>
  </testcase>
  <testcase name="evaluator_VariableDeclaration_Reports_Redeclaration" classname="codeAnalysis.EvaluationTest" time="0.001">
    <system-out><![CDATA[Final Text: {
    var x = 10
    var y = 100
    {
        var x = 10
    }
    var x = 5
}
Span Start: 72, End: 73
]]></system-out>
  </testcase>
  <testcase name="evaluator_VariableDeclaration_Reports_Redeclaration" classname="codeAnalysis.EvaluationTest" time="0.001">
    <system-out><![CDATA[Final Text: {
    var x = 10
    var y = 100
    {
        var x = 10
    }
    var x = 5
}
Span Start: 72, End: 73
]]></system-out>
  </testcase>
  <testcase name="evaluator_VariableDeclaration_Reports_Redeclaration" classname="codeAnalysis.EvaluationTest" time="0.001">
    <system-out><![CDATA[Final Text: {
    var x = 10
    var y = 100
    {
        var x = 10
    }
    var x = 5
}
Span Start: 72, End: 73
]]></system-out>
  </testcase>
  <testcase name="evaluator_VariableDeclaration_Reports_Redeclaration" classname="codeAnalysis.EvaluationTest" time="0.002">
    <system-out><![CDATA[Final Text: {
    var x = 10
    var y = 100
    {
        var x = 10
    }
    var x = 5
}
Span Start: 72, End: 73
]]></system-out>
  </testcase>
  <testcase name="evaluator_VariableDeclaration_Reports_Redeclaration" classname="codeAnalysis.EvaluationTest" time="0.001">
    <system-out><![CDATA[Final Text: {
    var x = 10
    var y = 100
    {
        var x = 10
    }
    var x = 5
}
Span Start: 72, End: 73
]]></system-out>
  </testcase>
  <testcase name="evaluator_VariableDeclaration_Reports_Redeclaration" classname="codeAnalysis.EvaluationTest" time="0.001">
    <system-out><![CDATA[Final Text: {
    var x = 10
    var y = 100
    {
        var x = 10
    }
    var x = 5
}
Span Start: 72, End: 73
]]></system-out>
  </testcase>
  <testcase name="evaluator_VariableDeclaration_Reports_Redeclaration" classname="codeAnalysis.EvaluationTest" time="0.001">
    <system-out><![CDATA[Final Text: {
    var x = 10
    var y = 100
    {
        var x = 10
    }
    var x = 5
}
Span Start: 72, End: 73
]]></system-out>
  </testcase>
  <testcase name="evaluator_VariableDeclaration_Reports_Redeclaration" classname="codeAnalysis.EvaluationTest" time="0.001">
    <system-out><![CDATA[Final Text: {
    var x = 10
    var y = 100
    {
        var x = 10
    }
    var x = 5
}
Span Start: 72, End: 73
]]></system-out>
  </testcase>
  <testcase name="evaluator_VariableDeclaration_Reports_Redeclaration" classname="codeAnalysis.EvaluationTest" time="0.001">
    <system-out><![CDATA[Final Text: {
    var x = 10
    var y = 100
    {
        var x = 10
    }
    var x = 5
}
Span Start: 72, End: 73
]]></system-out>
  </testcase>
  <testcase name="evaluator_VariableDeclaration_Reports_Redeclaration" classname="codeAnalysis.EvaluationTest" time="0.001">
    <system-out><![CDATA[Final Text: {
    var x = 10
    var y = 100
    {
        var x = 10
    }
    var x = 5
}
Span Start: 72, End: 73
]]></system-out>
  </testcase>
  <testcase name="evaluator_VariableDeclaration_Reports_Redeclaration" classname="codeAnalysis.EvaluationTest" time="0.001">
    <system-out><![CDATA[Final Text: {
    var x = 10
    var y = 100
    {
        var x = 10
    }
    var x = 5
}
Span Start: 72, End: 73
]]></system-out>
  </testcase>
  <testcase name="evaluator_VariableDeclaration_Reports_Redeclaration" classname="codeAnalysis.EvaluationTest" time="0.0">
    <system-out><![CDATA[Final Text: {
    var x = 10
    var y = 100
    {
        var x = 10
    }
    var x = 5
}
Span Start: 72, End: 73
]]></system-out>
  </testcase>
  <testcase name="evaluator_VariableDeclaration_Reports_Redeclaration" classname="codeAnalysis.EvaluationTest" time="0.001">
    <system-out><![CDATA[Final Text: {
    var x = 10
    var y = 100
    {
        var x = 10
    }
    var x = 5
}
Span Start: 72, End: 73
]]></system-out>
  </testcase>
  <testcase name="evaluator_VariableDeclaration_Reports_Redeclaration" classname="codeAnalysis.EvaluationTest" time="0.001">
    <system-out><![CDATA[Final Text: {
    var x = 10
    var y = 100
    {
        var x = 10
    }
    var x = 5
}
Span Start: 72, End: 73
]]></system-out>
  </testcase>
  <testcase name="evaluator_VariableDeclaration_Reports_Redeclaration" classname="codeAnalysis.EvaluationTest" time="0.001">
    <system-out><![CDATA[Final Text: {
    var x = 10
    var y = 100
    {
        var x = 10
    }
    var x = 5
}
Span Start: 72, End: 73
]]></system-out>
  </testcase>
  <testcase name="evaluator_VariableDeclaration_Reports_Redeclaration" classname="codeAnalysis.EvaluationTest" time="0.001">
    <system-out><![CDATA[Final Text: {
    var x = 10
    var y = 100
    {
        var x = 10
    }
    var x = 5
}
Span Start: 72, End: 73
]]></system-out>
  </testcase>
  <testcase name="evaluator_VariableDeclaration_Reports_Redeclaration" classname="codeAnalysis.EvaluationTest" time="0.001">
    <system-out><![CDATA[Final Text: {
    var x = 10
    var y = 100
    {
        var x = 10
    }
    var x = 5
}
Span Start: 72, End: 73
]]></system-out>
  </testcase>
  <testcase name="evaluator_VariableDeclaration_Reports_Redeclaration" classname="codeAnalysis.EvaluationTest" time="0.001">
    <system-out><![CDATA[Final Text: {
    var x = 10
    var y = 100
    {
        var x = 10
    }
    var x = 5
}
Span Start: 72, End: 73
]]></system-out>
  </testcase>
  <testcase name="evaluator_VariableDeclaration_Reports_Redeclaration" classname="codeAnalysis.EvaluationTest" time="0.001">
    <system-out><![CDATA[Final Text: {
    var x = 10
    var y = 100
    {
        var x = 10
    }
    var x = 5
}
Span Start: 72, End: 73
]]></system-out>
  </testcase>
  <testcase name="evaluator_VariableDeclaration_Reports_Redeclaration" classname="codeAnalysis.EvaluationTest" time="0.0">
    <system-out><![CDATA[Final Text: {
    var x = 10
    var y = 100
    {
        var x = 10
    }
    var x = 5
}
Span Start: 72, End: 73
]]></system-out>
  </testcase>
  <testcase name="evaluator_VariableDeclaration_Reports_Redeclaration" classname="codeAnalysis.EvaluationTest" time="0.0">
    <system-out><![CDATA[Final Text: {
    var x = 10
    var y = 100
    {
        var x = 10
    }
    var x = 5
}
Span Start: 72, End: 73
]]></system-out>
  </testcase>
  <testcase name="evaluator_VariableDeclaration_Reports_Redeclaration" classname="codeAnalysis.EvaluationTest" time="0.0">
    <system-out><![CDATA[Final Text: {
    var x = 10
    var y = 100
    {
        var x = 10
    }
    var x = 5
}
Span Start: 72, End: 73
]]></system-out>
  </testcase>
  <testcase name="evaluator_AssignmentExpression_Reports_CannotConvert" classname="codeAnalysis.EvaluationTest" time="0.006">
    <failure message="TextSpan start position mismatch! ==&gt; expected: &lt;25&gt; but was: &lt;21&gt;" type="org.opentest4j.AssertionFailedError"><![CDATA[org.opentest4j.AssertionFailedError: TextSpan start position mismatch! ==> expected: <25> but was: <21>
	at org.junit.jupiter.api.AssertionFailureBuilder.build(AssertionFailureBuilder.java:151)
	at org.junit.jupiter.api.AssertionFailureBuilder.buildAndThrow(AssertionFailureBuilder.java:132)
	at org.junit.jupiter.api.AssertEquals.failNotEqual(AssertEquals.java:197)
	at org.junit.jupiter.api.AssertEquals.assertEquals(AssertEquals.java:150)
	at org.junit.jupiter.api.Assertions.assertEquals(Assertions.java:560)
	at codeAnalysis.EvaluationTest.assertDiagnostics(EvaluationTest.java:144)
	at codeAnalysis.EvaluationTest.evaluator_AssignmentExpression_Reports_CannotConvert(EvaluationTest.java:120)
	at java.base/java.lang.reflect.Method.invoke(Method.java:580)
	at java.base/java.util.ArrayList.forEach(ArrayList.java:1596)
	at java.base/java.util.ArrayList.forEach(ArrayList.java:1596)
]]></failure>
    <system-out><![CDATA[Final Text: {
    var x = 10
    x = true
}
Span Start: 25, End: 29
]]></system-out>
  </testcase>
  <testcase name="evaluator_AssignmentExpression_Reports_CannotAssign" classname="codeAnalysis.EvaluationTest" time="0.001">
    <system-out><![CDATA[Final Text: {
    let x = 10
    x = 0
}
Span Start: 23, End: 24
]]></system-out>
  </testcase>
</testsuite>